2026-05-15 12:09:10,645 - INFO - Starting app diagnostic...
2026-05-15 12:09:10,646 - INFO - Checking dependencies...
2026-05-15 12:09:10,689 - INFO - deps: Successfully imported "kivy_deps.angle" 0.4.0
2026-05-15 12:09:10,690 - INFO - Logger: Record log in C:\Users\DELL\.kivy\logs\kivy_26-05-15_5.txt
2026-05-15 12:09:10,690 - INFO - deps: Successfully imported "kivy_deps.glew" 0.3.1
2026-05-15 12:09:10,690 - INFO - deps: Successfully imported "kivy_deps.sdl2" 0.8.0
2026-05-15 12:09:10,690 - INFO - Kivy: v2.3.1
2026-05-15 12:09:10,691 - INFO - Kivy: Installed at "C:\Users\DELL\AppData\Local\Programs\Python\Python313\Lib\site-packages\kivy\__init__.py"
2026-05-15 12:09:10,691 - INFO - Python: v3.13.9 (tags/v3.13.9:8183fa5, Oct 14 2025, 14:09:13) [MSC v.1944 64 bit (AMD64)]
2026-05-15 12:09:10,691 - INFO - Python: Interpreter at "C:\Users\DELL\AppData\Local\Programs\Python\Python313\python.exe"
2026-05-15 12:09:10,693 - INFO - Logger: Purge log fired. Processing...
2026-05-15 12:09:10,698 - INFO - Logger: Purge finished!
2026-05-15 12:09:10,700 - INFO - KivyMD: 2.0.1.dev0, git-Unknown, 2026-04-21 (installed at "C:\Users\DELL\AppData\Local\Programs\Python\Python313\Lib\site-packages\kivymd\__init__.py")
2026-05-15 12:09:10,774 - INFO - Factory: 195 symbols loaded
2026-05-15 12:09:10,828 - INFO - Image: Providers: img_tex, img_dds, img_sdl2, img_pil (img_ffpyplayer ignored)
2026-05-15 12:09:10,840 - INFO - Text: Provider: sdl2
2026-05-15 12:09:10,980 - INFO - Window: Provider: sdl2
2026-05-15 12:09:11,061 - INFO - Window: Activate GLES2/ANGLE context
2026-05-15 12:09:11,910 - INFO - GL: Using the "OpenGL" graphics system
2026-05-15 12:09:11,912 - INFO - GL: Backend used <angle_sdl2>
2026-05-15 12:09:11,912 - INFO - GL: OpenGL version <b'OpenGL ES 2.0 - Build 31.0.101.5333'>
2026-05-15 12:09:11,912 - INFO - GL: OpenGL vendor <b'Intel'>
2026-05-15 12:09:11,912 - INFO - GL: OpenGL renderer <b'Intel(R) Iris(R) Xe Graphics'>
2026-05-15 12:09:11,913 - INFO - GL: OpenGL parsed version: 2, 0
2026-05-15 12:09:11,913 - INFO - GL: Shading version <b'OpenGL ES GLSL ES 1.00 - Build 31.0.101.5333'>
2026-05-15 12:09:11,913 - INFO - GL: Texture max size <8192>
2026-05-15 12:09:11,913 - INFO - GL: Texture max units <32>
2026-05-15 12:09:11,926 - INFO - Window: auto add sdl2 input provider
2026-05-15 12:09:11,928 - INFO - Window: virtual keyboard not allowed, single mode, not docked
2026-05-15 12:09:11,930 - INFO - Kivy version: 2.3.1
2026-05-15 12:09:11,930 - INFO - KivyMD version: 2.0.1.dev0
2026-05-15 12:09:11,975 - INFO - Creating App instance...
2026-05-15 12:09:11,975 - INFO - App started successfully
2026-05-15 12:09:12,068 - INFO - App build() started
2026-05-15 12:09:12,069 - INFO - Loading KV file (minimal test)...
2026-05-15 12:09:12,075 - INFO - Clipboard: Provider: winctypes
2026-05-15 12:09:12,117 - INFO - KV string loaded successfully
2026-05-15 12:09:12,117 - INFO - Returning root widget
2026-05-15 12:09:12,118 - INFO - Base: Start application main loop
2026-05-15 12:09:12,121 - INFO - GL: NPOT texture support is available
